#
# A fatal error has been detected by the Java Runtime Environment:
#
#  EXCEPTION_STACK_OVERFLOW (0xc00000fd) at pc=0x6400b9a3, pid=7476, tid=0x00000c24
#
# JRE version: Java(TM) SE Runtime Environment (8.0_191-b12) (build 1.8.0_191-b12)
# Java VM: Java HotSpot(TM) Client VM (25.191-b12 mixed mode windows-x86 )
# Problematic frame:
# C  [jSSC-2.8_x86.dll+0xb9a3]
#
# Failed to write core dump. Minidumps are not enabled by default on client versions of Windows
#
# If you would like to submit a bug report, please visit:
#   http://bugreport.java.com/bugreport/crash.jsp
# The crash happened outside the Java Virtual Machine in native code.
# See problematic frame for where to report the bug.
#

---------------  T H R E A D  ---------------

Current thread (0x28e93400):  JavaThread "EventThread COM4" [_thread_in_native, id=3108, stack(0x04760000,0x047b0000)]

siginfo: ExceptionCode=0xc00000fd, ExceptionInformation=0x00000001 0x04760790 

Registers:
EAX=0x00006da0, EBX=0x2892bbd0, ECX=0x04760790, EDX=0x00000000
ESP=0x047af784, EBP=0x047af7e8, ESI=0x28e93540, EDI=0x2892bbe4
EIP=0x6400b9a3, EFLAGS=0x00010206

Top of Stack: (sp=0x047af784)
0x047af784:   00054da0 00000000 64001739 00000014
0x047af794:   d6141b16 00000001 00000000 00000000
0x047af7a4:   00000001 00054d98 00000001 00000000
0x047af7b4:   00000000 000008b8 0270c0a0 00000018
0x047af7c4:   00000018 00000000 00000018 161a2dd6
0x047af7d4:   2dd6141b 141b161a 00000000 1381d7a8
0x047af7e4:   28e93400 047af818 0282b5a5 28e93540
0x047af7f4:   047af804 000008b8 00000000 00054d98 

Instructions: (pc=0x6400b9a3)
0x6400b983:   fd ff ff eb 91 90 90 90 90 90 90 90 90 51 50 3d
0x6400b993:   00 10 00 00 8d 4c 24 0c 72 15 81 e9 00 10 00 00
0x6400b9a3:   83 09 00 2d 00 10 00 00 3d 00 10 00 00 77 eb 29
0x6400b9b3:   c1 83 09 00 58 59 c3 90 90 8b 44 24 04 c7 00 ff 


Register to memory mapping:

EAX=0x00006da0 is an unknown value
EBX=0x2892bbd0 is an unknown value
ECX=0x04760790 is pointing into the stack for thread: 0x28e93400
EDX=0x00000000 is an unknown value
ESP=0x047af784 is pointing into the stack for thread: 0x28e93400
EBP=0x047af7e8 is pointing into the stack for thread: 0x28e93400
ESI=0x28e93540 is an unknown value
EDI=0x2892bbe4 is an unknown value


Stack: [0x04760000,0x047b0000],  sp=0x047af784,  free space=317k
Native frames: (J=compiled Java code, j=interpreted, Vv=VM code, C=native code)
C  [jSSC-2.8_x86.dll+0xb9a3]
J 3444  jssc.SerialNativeInterface.readBytes(JI)[B (0 bytes) @ 0x0282b5a5 [0x0282b510+0x95]
J 3486% C1 jssc.SerialPort$EventThread.run()V (84 bytes) @ 0x028c3580 [0x028c32d0+0x2b0]
v  ~StubRoutines::call_stub
V  [jvm.dll+0x15c315]
V  [jvm.dll+0x223ece]
V  [jvm.dll+0x15c3ae]
V  [jvm.dll+0x15c536]
V  [jvm.dll+0x15c5a7]
V  [jvm.dll+0x1002ef]
V  [jvm.dll+0x17f550]
V  [jvm.dll+0x17fdca]
V  [jvm.dll+0x1c57a6]
C  [msvcr100.dll+0x5c556]
C  [msvcr100.dll+0x5c600]
C  [KERNEL32.DLL+0x16739]
C  [ntdll.dll+0x68e7f]
C  [ntdll.dll+0x68e4d]
C  0x00000000

Java frames: (J=compiled Java code, j=interpreted, Vv=VM code)
J 3444  jssc.SerialNativeInterface.readBytes(JI)[B (0 bytes) @ 0x0282b561 [0x0282b510+0x51]
J 3486% C1 jssc.SerialPort$EventThread.run()V (84 bytes) @ 0x028c3580 [0x028c32d0+0x2b0]
v  ~StubRoutines::call_stub

---------------  P R O C E S S  ---------------

Java Threads: ( => current thread )
=>0x28e93400 JavaThread "EventThread COM4" [_thread_in_native, id=3108, stack(0x04760000,0x047b0000)]
  0x28e92800 JavaThread "DestroyJavaVM" [_thread_blocked, id=5264, stack(0x02290000,0x022e0000)]
  0x28e90800 JavaThread "TimerQueue" daemon [_thread_blocked, id=14948, stack(0x29ea0000,0x29ef0000)]
  0x26476000 JavaThread "Batik CleanerThread" daemon [_thread_blocked, id=14720, stack(0x284c0000,0x28510000)]
  0x26475800 JavaThread "AWT-EventQueue-0" [_thread_in_vm, id=10444, stack(0x28290000,0x282e0000)]
  0x26475400 JavaThread "AWT-Shutdown" [_thread_blocked, id=10060, stack(0x27d80000,0x27dd0000)]
  0x27457400 JavaThread "JmDNS(LAPTOP-NJMSN91G.local.).State.Timer" [_thread_blocked, id=15268, stack(0x27cf0000,0x27d40000)]
  0x27457000 JavaThread "JmDNS(LAPTOP-NJMSN91G.local.).Timer" daemon [_thread_blocked, id=5928, stack(0x27050000,0x270a0000)]
  0x273fc800 JavaThread "SocketListener(LAPTOP-NJMSN91G.local.)" daemon [_thread_in_native, id=812, stack(0x26830000,0x26880000)]
  0x27378000 JavaThread "Multihomed mDNS.Timer" daemon [_thread_blocked, id=14044, stack(0x02570000,0x025c0000)]
  0x2737d000 JavaThread "cc.arduino.packages.discoverers.serial.SerialDiscovery" [_thread_blocked, id=1564, stack(0x27e10000,0x27e60000)]
  0x263ab400 JavaThread "AWT-Windows" daemon [_thread_in_native, id=8496, stack(0x268c0000,0x26910000)]
  0x263aa400 JavaThread "Java2D Disposer" daemon [_thread_blocked, id=884, stack(0x267a0000,0x267f0000)]
  0x25b72c00 JavaThread "Service Thread" daemon [_thread_blocked, id=10136, stack(0x26030000,0x26080000)]
  0x25b7ec00 JavaThread "C1 CompilerThread0" daemon [_thread_blocked, id=14204, stack(0x25fa0000,0x25ff0000)]
  0x25b7d400 JavaThread "Attach Listener" daemon [_thread_blocked, id=10708, stack(0x25f10000,0x25f60000)]
  0x25b79000 JavaThread "Signal Dispatcher" daemon [_thread_blocked, id=6672, stack(0x25e80000,0x25ed0000)]
  0x25b5c000 JavaThread "Finalizer" daemon [_thread_blocked, id=11372, stack(0x24f90000,0x24fe0000)]
  0x25b56400 JavaThread "Reference Handler" daemon [_thread_blocked, id=2284, stack(0x24f00000,0x24f50000)]

Other Threads:
  0x25b40c00 VMThread [stack: 0x24e70000,0x24ec0000] [id=1840]
  0x25b75c00 WatcherThread [stack: 0x260c0000,0x26110000] [id=6528]

VM state:not at safepoint (normal execution)

VM Mutex/Monitor currently owned by a thread: None

Heap:
 def new generation   total 157248K, used 2835K [0x04800000, 0x0f2a0000, 0x0f2a0000)
  eden space 139776K,   2% used [0x04800000, 0x04ac4ce0, 0x0d080000)
  from space 17472K,   0% used [0x0d080000, 0x0d080000, 0x0e190000)
  to   space 17472K,   0% used [0x0e190000, 0x0e190000, 0x0f2a0000)
 tenured generation   total 349568K, used 274205K [0x0f2a0000, 0x24800000, 0x24800000)
   the space 349568K,  78% used [0x0f2a0000, 0x1fe67670, 0x1fe67800, 0x24800000)
 Metaspace       used 22142K, capacity 22660K, committed 22784K, reserved 22912K

Card table byte_map: [0x24800000,0x24910000] byte_map_base: 0x247dc000

Polling page: 0x02410000

CodeCache: size=32768Kb used=3187Kb max_used=4573Kb free=29580Kb
 bounds [0x02600000, 0x02a88000, 0x04600000]
 total_blobs=1971 nmethods=1687 adapters=213
 compilation: enabled

Compilation events (10 events):
Event: 532.664 Thread 0x25b7ec00 3597             java.util.concurrent.atomic.AtomicBoolean::compareAndSet (35 bytes)
Event: 532.664 Thread 0x25b7ec00 nmethod 3597 0x027cbc88 code [0x027cbd80, 0x027cbe40]
Event: 535.553 Thread 0x25b7ec00 3598             java.util.concurrent.locks.ReentrantLock::newCondition (8 bytes)
Event: 535.555 Thread 0x25b7ec00 nmethod 3598 0x027d2408 code [0x027d2500, 0x027d25d0]
Event: 539.226 Thread 0x25b7ec00 3599             javax.swing.Timer::post (36 bytes)
Event: 539.237 Thread 0x25b7ec00 nmethod 3599 0x027d2008 code [0x027d2120, 0x027d22d8]
Event: 539.253 Thread 0x25b7ec00 3600             javax.swing.Timer::isRepeats (5 bytes)
Event: 539.253 Thread 0x25b7ec00 nmethod 3600 0x027d8988 code [0x027d8a80, 0x027d8b00]
Event: 540.650 Thread 0x25b7ec00 3601             javax.swing.Timer::getDelay (5 bytes)
Event: 540.651 Thread 0x25b7ec00 nmethod 3601 0x02977648 code [0x02977740, 0x029777c0]

GC Heap History (10 events):
Event: 498.360 GC heap before
{Heap before GC invocations=24 (full 4):
 def new generation   total 72960K, used 72085K [0x04800000, 0x09720000, 0x0f2a0000)
  eden space 64896K, 100% used [0x04800000, 0x08760000, 0x08760000)
  from space 8064K,  89% used [0x08760000, 0x08e655f0, 0x08f40000)
  to   space 8064K,   0% used [0x08f40000, 0x08f40000, 0x09720000)
 tenured generation   total 161968K, used 148878K [0x0f2a0000, 0x190cc000, 0x24800000)
   the space 161968K,  91% used [0x0f2a0000, 0x18403878, 0x18403a00, 0x190cc000)
 Metaspace       used 22142K, capacity 22660K, committed 22784K, reserved 22912K
Event: 498.487 GC heap after
Heap after GC invocations=25 (full 5):
 def new generation   total 120064K, used 0K [0x04800000, 0x0ca40000, 0x0f2a0000)
  eden space 106752K,   0% used [0x04800000, 0x04800000, 0x0b040000)
  from space 13312K,   0% used [0x0b040000, 0x0b040000, 0x0bd40000)
  to   space 13312K,   0% used [0x0bd40000, 0x0bd40000, 0x0ca40000)
 tenured generation   total 266616K, used 159968K [0x0f2a0000, 0x1f6fe000, 0x24800000)
   the space 266616K,  59% used [0x0f2a0000, 0x18ed8210, 0x18ed8400, 0x1f6fe000)
 Metaspace       used 22142K, capacity 22660K, committed 22784K, reserved 22912K
}
Event: 505.987 GC heap before
{Heap before GC invocations=25 (full 5):
 def new generation   total 120064K, used 106752K [0x04800000, 0x0ca40000, 0x0f2a0000)
  eden space 106752K, 100% used [0x04800000, 0x0b040000, 0x0b040000)
  from space 13312K,   0% used [0x0b040000, 0x0b040000, 0x0bd40000)
  to   space 13312K,   0% used [0x0bd40000, 0x0bd40000, 0x0ca40000)
 tenured generation   total 266616K, used 159968K [0x0f2a0000, 0x1f6fe000, 0x24800000)
   the space 266616K,  59% used [0x0f2a0000, 0x18ed8210, 0x18ed8400, 0x1f6fe000)
 Metaspace       used 22142K, capacity 22660K, committed 22784K, reserved 22912K
Event: 506.057 GC heap after
Heap after GC invocations=26 (full 5):
 def new generation   total 120064K, used 13312K [0x04800000, 0x0ca40000, 0x0f2a0000)
  eden space 106752K,   0% used [0x04800000, 0x04800000, 0x0b040000)
  from space 13312K, 100% used [0x0bd40000, 0x0ca40000, 0x0ca40000)
  to   space 13312K,   0% used [0x0b040000, 0x0b040000, 0x0bd40000)
 tenured generation   total 266616K, used 203421K [0x0f2a0000, 0x1f6fe000, 0x24800000)
   the space 266616K,  76% used [0x0f2a0000, 0x1b947730, 0x1b947800, 0x1f6fe000)
 Metaspace       used 22142K, capacity 22660K, committed 22784K, reserved 22912K
}
Event: 520.993 GC heap before
{Heap before GC invocations=26 (full 5):
 def new generation   total 120064K, used 106915K [0x04800000, 0x0ca40000, 0x0f2a0000)
  eden space 106752K,  87% used [0x04800000, 0x0a368d88, 0x0b040000)
  from space 13312K, 100% used [0x0bd40000, 0x0ca40000, 0x0ca40000)
  to   space 13312K,   0% used [0x0b040000, 0x0b040000, 0x0bd40000)
 tenured generation   total 266616K, used 203421K [0x0f2a0000, 0x1f6fe000, 0x24800000)
   the space 266616K,  76% used [0x0f2a0000, 0x1b947730, 0x1b947800, 0x1f6fe000)
 Metaspace       used 22142K, capacity 22660K, committed 22784K, reserved 22912K
Event: 521.014 GC heap after
Heap after GC invocations=27 (full 5):
 def new generation   total 120064K, used 85K [0x04800000, 0x0ca40000, 0x0f2a0000)
  eden space 106752K,   0% used [0x04800000, 0x04800000, 0x0b040000)
  from space 13312K,   0% used [0x0b040000, 0x0b0555b8, 0x0bd40000)
  to   space 13312K,   0% used [0x0bd40000, 0x0bd40000, 0x0ca40000)
 tenured generation   total 266616K, used 224925K [0x0f2a0000, 0x1f6fe000, 0x24800000)
   the space 266616K,  84% used [0x0f2a0000, 0x1ce47668, 0x1ce47800, 0x1f6fe000)
 Metaspace       used 22142K, capacity 22660K, committed 22784K, reserved 22912K
}
Event: 535.773 GC heap before
{Heap before GC invocations=27 (full 5):
 def new generation   total 120064K, used 106837K [0x04800000, 0x0ca40000, 0x0f2a0000)
  eden space 106752K, 100% used [0x04800000, 0x0b040000, 0x0b040000)
  from space 13312K,   0% used [0x0b040000, 0x0b0555b8, 0x0bd40000)
  to   space 13312K,   0% used [0x0bd40000, 0x0bd40000, 0x0ca40000)
 tenured generation   total 266616K, used 224925K [0x0f2a0000, 0x1f6fe000, 0x24800000)
   the space 266616K,  84% used [0x0f2a0000, 0x1ce47668, 0x1ce47800, 0x1f6fe000)
 Metaspace       used 22142K, capacity 22660K, committed 22784K, reserved 22912K
Event: 535.804 GC heap after
Heap after GC invocations=28 (full 5):
 def new generation   total 120064K, used 126K [0x04800000, 0x0ca40000, 0x0f2a0000)
  eden space 106752K,   0% used [0x04800000, 0x04800000, 0x0b040000)
  from space 13312K,   0% used [0x0bd40000, 0x0bd5fbf8, 0x0ca40000)
  to   space 13312K,   0% used [0x0b040000, 0x0b040000, 0x0bd40000)
 tenured generation   total 266616K, used 257693K [0x0f2a0000, 0x1f6fe000, 0x24800000)
   the space 266616K,  96% used [0x0f2a0000, 0x1ee476b0, 0x1ee47800, 0x1f6fe000)
 Metaspace       used 22142K, capacity 22660K, committed 22784K, reserved 22912K
}
Event: 543.836 GC heap before
{Heap before GC invocations=28 (full 5):
 def new generation   total 120064K, used 106878K [0x04800000, 0x0ca40000, 0x0f2a0000)
  eden space 106752K, 100% used [0x04800000, 0x0b040000, 0x0b040000)
  from space 13312K,   0% used [0x0bd40000, 0x0bd5fbf8, 0x0ca40000)
  to   space 13312K,   0% used [0x0b040000, 0x0b040000, 0x0bd40000)
 tenured generation   total 266616K, used 257693K [0x0f2a0000, 0x1f6fe000, 0x24800000)
   the space 266616K,  96% used [0x0f2a0000, 0x1ee476b0, 0x1ee47800, 0x1f6fe000)
 Metaspace       used 22142K, capacity 22660K, committed 22784K, reserved 22912K
Event: 544.721 GC heap after
Heap after GC invocations=29 (full 6):
 def new generation   total 157248K, used 0K [0x04800000, 0x0f2a0000, 0x0f2a0000)
  eden space 139776K,   0% used [0x04800000, 0x04800000, 0x0d080000)
  from space 17472K,   0% used [0x0d080000, 0x0d080000, 0x0e190000)
  to   space 17472K,   0% used [0x0e190000, 0x0e190000, 0x0f2a0000)
 tenured generation   total 349568K, used 274205K [0x0f2a0000, 0x24800000, 0x24800000)
   the space 349568K,  78% used [0x0f2a0000, 0x1fe67670, 0x1fe67800, 0x24800000)
 Metaspace       used 22142K, capacity 22660K, committed 22784K, reserved 22912K
}

Deoptimization events (0 events):
No events

Classes redefined (0 events):
No events

Internal exceptions (10 events):
Event: 482.341 Thread 0x26475800 Exception <a 'sun/nio/fs/WindowsException'> (0x078049e8) thrown at [C:\workspace\8-2-build-windows-i586-cygwin\jdk8u191\11896\hotspot\src\share\vm\prims\jni.cpp, line 709]
Event: 482.341 Thread 0x26475800 Exception <a 'sun/nio/fs/WindowsException'> (0x07805260) thrown at [C:\workspace\8-2-build-windows-i586-cygwin\jdk8u191\11896\hotspot\src\share\vm\prims\jni.cpp, line 709]
Event: 482.343 Thread 0x26475800 Exception <a 'sun/nio/fs/WindowsException'> (0x07810688) thrown at [C:\workspace\8-2-build-windows-i586-cygwin\jdk8u191\11896\hotspot\src\share\vm\prims\jni.cpp, line 709]
Event: 482.343 Thread 0x26475800 Exception <a 'sun/nio/fs/WindowsException'> (0x07810dd0) thrown at [C:\workspace\8-2-build-windows-i586-cygwin\jdk8u191\11896\hotspot\src\share\vm\prims\jni.cpp, line 709]
Event: 482.346 Thread 0x26475800 Exception <a 'sun/nio/fs/WindowsException'> (0x078210a0) thrown at [C:\workspace\8-2-build-windows-i586-cygwin\jdk8u191\11896\hotspot\src\share\vm\prims\jni.cpp, line 709]
Event: 482.346 Thread 0x26475800 Exception <a 'sun/nio/fs/WindowsException'> (0x07821838) thrown at [C:\workspace\8-2-build-windows-i586-cygwin\jdk8u191\11896\hotspot\src\share\vm\prims\jni.cpp, line 709]
Event: 482.349 Thread 0x26475800 Exception <a 'sun/nio/fs/WindowsException'> (0x0782d8e8) thrown at [C:\workspace\8-2-build-windows-i586-cygwin\jdk8u191\11896\hotspot\src\share\vm\prims\jni.cpp, line 709]
Event: 482.349 Thread 0x26475800 Exception <a 'sun/nio/fs/WindowsException'> (0x0782e098) thrown at [C:\workspace\8-2-build-windows-i586-cygwin\jdk8u191\11896\hotspot\src\share\vm\prims\jni.cpp, line 709]
Event: 482.453 Thread 0x26475800 Exception <a 'sun/nio/fs/WindowsException'> (0x04809078) thrown at [C:\workspace\8-2-build-windows-i586-cygwin\jdk8u191\11896\hotspot\src\share\vm\prims\jni.cpp, line 709]
Event: 482.454 Thread 0x26475800 Exception <a 'sun/nio/fs/WindowsException'> (0x04809828) thrown at [C:\workspace\8-2-build-windows-i586-cygwin\jdk8u191\11896\hotspot\src\share\vm\prims\jni.cpp, line 709]

Events (10 events):
Event: 539.255 Thread 0x25b7ec00 flushing nmethod 0x028bd1c8
Event: 539.256 Thread 0x25b7ec00 flushing nmethod 0x028c8e88
Event: 539.256 Thread 0x25b7ec00 flushing nmethod 0x028d4988
Event: 539.257 Thread 0x25b7ec00 flushing nmethod 0x0296ec08
Event: 539.257 Thread 0x25b7ec00 flushing nmethod 0x02977588
Event: 539.258 Thread 0x25b7ec00 flushing nmethod 0x02977a48
Event: 539.258 Thread 0x25b7ec00 flushing nmethod 0x02977c48
Event: 539.258 Thread 0x25b7ec00 flushing nmethod 0x029782c8
Event: 543.834 Executing VM operation: GenCollectForAllocation
Event: 544.722 Executing VM operation: GenCollectForAllocation done


Dynamic libraries:
0x00420000 - 0x00453000 	C:\Program Files (x86)\Arduino\java\bin\javaw.exe
0x778d0000 - 0x77a79000 	C:\WINDOWS\SYSTEM32\ntdll.dll
0x76420000 - 0x76510000 	C:\WINDOWS\System32\KERNEL32.DLL
0x76f10000 - 0x77162000 	C:\WINDOWS\System32\KERNELBASE.dll
0x75660000 - 0x756dc000 	C:\WINDOWS\System32\ADVAPI32.dll
0x76c50000 - 0x76d12000 	C:\WINDOWS\System32\msvcrt.dll
0x76110000 - 0x7618a000 	C:\WINDOWS\System32\sechost.dll
0x76050000 - 0x7610b000 	C:\WINDOWS\System32\RPCRT4.dll
0x77220000 - 0x773cc000 	C:\WINDOWS\System32\USER32.dll
0x77190000 - 0x771aa000 	C:\WINDOWS\System32\win32u.dll
0x76aa0000 - 0x76ac2000 	C:\WINDOWS\System32\GDI32.dll
0x76ad0000 - 0x76baf000 	C:\WINDOWS\System32\gdi32full.dll
0x773d0000 - 0x7744b000 	C:\WINDOWS\System32\msvcp_win.dll
0x756e0000 - 0x757f2000 	C:\WINDOWS\System32\ucrtbase.dll
0x74440000 - 0x74663000 	C:\WINDOWS\WinSxS\x86_microsoft.windows.common-controls_6595b64144ccf1df_6.0.22000.120_none_e541a94fcce8ed6d\COMCTL32.dll
0x77890000 - 0x778b5000 	C:\WINDOWS\System32\IMM32.DLL
0x71030000 - 0x710ef000 	C:\Program Files (x86)\Arduino\java\bin\msvcr100.dll
0x70110000 - 0x704e3000 	C:\Program Files (x86)\Arduino\java\bin\client\jvm.dll
0x77170000 - 0x77176000 	C:\WINDOWS\System32\PSAPI.DLL
0x75650000 - 0x75658000 	C:\WINDOWS\SYSTEM32\WSOCK32.dll
0x771b0000 - 0x77214000 	C:\WINDOWS\System32\WS2_32.dll
0x75080000 - 0x750b1000 	C:\WINDOWS\SYSTEM32\WINMM.dll
0x742b0000 - 0x742b8000 	C:\WINDOWS\SYSTEM32\VERSION.dll
0x71000000 - 0x71030000 	C:\Program Files (x86)\Arduino\java\bin\splashscreen.dll
0x752c0000 - 0x75342000 	C:\WINDOWS\system32\uxtheme.dll
0x77450000 - 0x776db000 	C:\WINDOWS\System32\combase.dll
0x70ff0000 - 0x70ffc000 	C:\Program Files (x86)\Arduino\java\bin\verify.dll
0x70fc0000 - 0x70fe2000 	C:\Program Files (x86)\Arduino\java\bin\java.dll
0x75f00000 - 0x75fda000 	C:\WINDOWS\System32\MSCTF.dll
0x70fa0000 - 0x70fb4000 	C:\Program Files (x86)\Arduino\java\bin\zip.dll
0x743c0000 - 0x743d2000 	C:\WINDOWS\SYSTEM32\kernel.appcore.dll
0x75fe0000 - 0x76044000 	C:\WINDOWS\System32\bcryptPrimitives.dll
0x6c150000 - 0x6c231000 	C:\WINDOWS\SYSTEM32\textinputframework.dll
0x76bb0000 - 0x76c4c000 	C:\WINDOWS\System32\OLEAUT32.dll
0x70c20000 - 0x70ceb000 	C:\WINDOWS\SYSTEM32\CoreMessaging.dll
0x704f0000 - 0x70783000 	C:\WINDOWS\SYSTEM32\CoreUIComponents.dll
0x748e0000 - 0x749ca000 	C:\WINDOWS\SYSTEM32\wintypes.dll
0x74100000 - 0x7410b000 	C:\WINDOWS\SYSTEM32\CRYPTBASE.DLL
0x75860000 - 0x75e62000 	C:\WINDOWS\System32\SHELL32.dll
0x749d0000 - 0x75072000 	C:\WINDOWS\SYSTEM32\windows.storage.dll
0x76350000 - 0x76411000 	C:\WINDOWS\System32\SHCORE.dll
0x761f0000 - 0x7623a000 	C:\WINDOWS\System32\shlwapi.dll
0x748c0000 - 0x748d8000 	C:\WINDOWS\SYSTEM32\profapi.dll
0x61940000 - 0x619b3000 	C:\Program Files (x86)\Arduino\lib\listSerialsj.dll
0x76510000 - 0x7694b000 	C:\WINDOWS\System32\SETUPAPI.dll
0x747f0000 - 0x7482b000 	C:\WINDOWS\SYSTEM32\cfgmgr32.DLL
0x70f80000 - 0x70f9d000 	C:\Program Files (x86)\Arduino\lib\jnidispatch-4.2.2-win32-x86.dll
0x76950000 - 0x76a9d000 	C:\WINDOWS\System32\Ole32.dll
0x70f60000 - 0x70f75000 	C:\Program Files (x86)\Arduino\java\bin\net.dll
0x75510000 - 0x75560000 	C:\WINDOWS\system32\mswsock.dll
0x70f50000 - 0x70f5f000 	C:\Program Files (x86)\Arduino\java\bin\nio.dll
0x708c0000 - 0x70a07000 	C:\Program Files (x86)\Arduino\java\bin\awt.dll
0x70d80000 - 0x70e20000 	C:\WINDOWS\SYSTEM32\apphelp.dll
0x74410000 - 0x74437000 	C:\WINDOWS\system32\DWMAPI.DLL
0x70f10000 - 0x70f49000 	C:\Program Files (x86)\Arduino\java\bin\fontmanager.dll
0x72790000 - 0x72870000 	C:\WINDOWS\system32\opengl32.dll
0x72740000 - 0x72781000 	C:\WINDOWS\SYSTEM32\GLU32.dll
0x73ca0000 - 0x73cce000 	C:\WINDOWS\SYSTEM32\dxcore.dll
0x70be0000 - 0x70c12000 	C:\Program Files (x86)\Arduino\java\bin\t2k.dll
0x75430000 - 0x75454000 	C:\WINDOWS\SYSTEM32\IPHLPAPI.DLL
0x77180000 - 0x77187000 	C:\WINDOWS\System32\NSI.dll
0x74260000 - 0x74275000 	C:\WINDOWS\SYSTEM32\dhcpcsvc6.DLL
0x74220000 - 0x74237000 	C:\WINDOWS\SYSTEM32\dhcpcsvc.DLL
0x75460000 - 0x7550f000 	C:\WINDOWS\SYSTEM32\DNSAPI.dll
0x75580000 - 0x75592000 	C:\WINDOWS\system32\napinsp.dll
0x75560000 - 0x75576000 	C:\WINDOWS\system32\pnrpnsp.dll
0x75420000 - 0x7542e000 	C:\WINDOWS\System32\winrnr.dll
0x75400000 - 0x75411000 	C:\WINDOWS\system32\wshbth.dll
0x753e0000 - 0x753f9000 	C:\WINDOWS\system32\nlansp_c.dll
0x63560000 - 0x63568000 	C:\Program Files (x86)\National Instruments\Shared\mDNS Responder\nimdnsNSP.dll
0x63550000 - 0x6355b000 	C:\WINDOWS\SYSTEM32\nimdnsResponder.dll
0x755a0000 - 0x75643000 	C:\WINDOWS\WinSxS\x86_microsoft.vc90.crt_1fc8b3b9a1e18e3b_9.0.30729.9635_none_508ff82ebcbafee0\MSVCR90.dll
0x74360000 - 0x743bb000 	C:\WINDOWS\System32\fwpuclnt.dll
0x743e0000 - 0x743e8000 	C:\Windows\System32\rasadhlp.dll
0x70ab0000 - 0x70b19000 	C:\Program Files (x86)\Arduino\msvcp100.dll
0x70800000 - 0x708be000 	C:\Program Files (x86)\Arduino\msvcr100.dll
0x282e0000 - 0x28312000 	C:\Program Files (x86)\Arduino\lib\AStylej.dll
0x70ee0000 - 0x70f04000 	C:\Program Files (x86)\Arduino\java\bin\dcpr.dll
0x75e70000 - 0x75ef2000 	C:\WINDOWS\System32\clbcatq.dll
0x6afe0000 - 0x6b140000 	C:\WINDOWS\SYSTEM32\WindowsCodecs.dll
0x6be10000 - 0x6be5e000 	C:\WINDOWS\system32\dataexchange.dll
0x6c2e0000 - 0x6c4d7000 	C:\WINDOWS\system32\twinapi.appcore.dll
0x70a90000 - 0x70ab0000 	C:\Program Files (x86)\Arduino\java\bin\sunec.dll
0x740d0000 - 0x740e3000 	C:\WINDOWS\SYSTEM32\CRYPTSP.dll
0x740a0000 - 0x740cf000 	C:\WINDOWS\system32\rsaenh.dll
0x75290000 - 0x752af000 	C:\WINDOWS\SYSTEM32\USERENV.dll
0x6f1e0000 - 0x6f1f9000 	C:\WINDOWS\SYSTEM32\bcrypt.dll
0x70bd0000 - 0x70bd9000 	C:\Program Files (x86)\Arduino\java\bin\sunmscapi.dll
0x76250000 - 0x7634e000 	C:\WINDOWS\System32\CRYPT32.dll
0x73df0000 - 0x73e14000 	C:\WINDOWS\SYSTEM32\DEVOBJ.dll
0x76190000 - 0x761e1000 	C:\WINDOWS\System32\WINTRUST.dll
0x74680000 - 0x7468e000 	C:\WINDOWS\SYSTEM32\MSASN1.dll
0x6fb90000 - 0x6fbe7000 	C:\WINDOWS\system32\Ninput.dll
0x64000000 - 0x6401b000 	C:\Program Files (x86)\Arduino\lib\jSSC-2.8_x86.dll
0x73e50000 - 0x74017000 	C:\WINDOWS\SYSTEM32\dbghelp.dll

VM Arguments:
jvm_args: -Dsun.java2d.d3d=false -Djna.nosys=true -Djna.nounpack=true -Djna.boot.library.name=jnidispatch-4.2.2-win32-x86 -Djna.boot.library.path=C:\Program Files (x86)\Arduino/lib -Djssc.library.path=C:\Program Files (x86)\Arduino/lib -DAPP_DIR=C:\Program Files (x86)\Arduino -Xms128M -Xmx512M -Dfile.encoding=UTF8 -Djava.net.preferIPv4Stack=true 
java_command: processing.app.Base C:\Users\admin\Desktop\Small USV\magsensor\magsensor.ino
java_class_path (initial): C:\Program Files (x86)\Arduino\lib\apple.jar;C:\Program Files (x86)\Arduino\lib\arduino-core.jar;C:\Program Files (x86)\Arduino\lib\batik-1.8.jar;C:\Program Files (x86)\Arduino\lib\batik-anim-1.8.jar;C:\Program Files (x86)\Arduino\lib\batik-awt-util-1.8.jar;C:\Program Files (x86)\Arduino\lib\batik-bridge-1.8.jar;C:\Program Files (x86)\Arduino\lib\batik-codec-1.8.jar;C:\Program Files (x86)\Arduino\lib\batik-css-1.8.jar;C:\Program Files (x86)\Arduino\lib\batik-dom-1.8.jar;C:\Program Files (x86)\Arduino\lib\batik-ext-1.8.jar;C:\Program Files (x86)\Arduino\lib\batik-gvt-1.8.jar;C:\Program Files (x86)\Arduino\lib\batik-parser-1.8.jar;C:\Program Files (x86)\Arduino\lib\batik-rasterizer-1.8.jar;C:\Program Files (x86)\Arduino\lib\batik-script-1.8.jar;C:\Program Files (x86)\Arduino\lib\batik-squiggle-1.8.jar;C:\Program Files (x86)\Arduino\lib\batik-svg-dom-1.8.jar;C:\Program Files (x86)\Arduino\lib\batik-svgpp-1.8.jar;C:\Program Files (x86)\Arduino\lib\batik-transcoder-1.8.jar;C:\Program Files (x86)\Arduino\lib\batik-util-1.8.jar;C:\Program Files (x86)\Arduino\lib\batik-xml-1.8.jar;C:\Program Files (x86)\Arduino\lib\bcpg-jdk15on-152.jar;C:\Program Files (x86)\Arduino\lib\bcprov-jdk15on-152.jar;C:\Program Files (x86)\Arduino\lib\commons-codec-1.7.jar;C:\Program Files (x86)\Arduino\lib\commons-compress-1.8.jar;C:\Program Files (x86)\Arduino\lib\commons-exec-1.1.jar;C:\Program Files (x86)\Arduino\lib\commons-httpclient-3.1.jar;C:\Program Files (x86)\Arduino\lib\commons-lang3-3.8.1.jar;C:\Program Files (x86)\Arduino\lib\commons-logging-1.0.4.jar;C:\Program Files (x86)\Arduino\lib\commons-net-3.3.jar;C:\Program Files (x86)\Arduino\lib\commons-io-2.6.jar;C:\Program Files (x86)\Arduino\lib\jackson-annotations-2.9.5.jar;C:\Program Files (x86)\Arduino\lib\jackson-core-2.9.5.jar;C:\Program Files (x86)\Arduino\lib\jackson-databind-2.9.5.jar;C:\Program Files (x86)\Arduino\lib\java-semver-0.8.0.jar;C:\Program Files (x86)\Arduino\lib\jmdns-3.5.5.jar;C:\Program
Launcher Type: SUN_STANDARD

Environment Variables:
PATH=C:\SIMULIA\Commands;C:\windows\system32;C:\windows;C:\windows\System32\Wbem;C:\windows\System32\WindowsPowerShell\v1.0\;C:\windows\System32\OpenSSH\;C:\Program Files\dotnet\;%SystemRoot%\system32;%SystemRoot%;%SystemRoot%\System32\Wbem;%SYSTEMROOT%\System32\WindowsPowerShell\v1.0\;%SYSTEMROOT%\System32\OpenSSH\;C:\Users\admin\AppData\Local\Microsoft\WindowsApps;;C:\Program Files (x86)\Arduino\java\bin
USERNAME=admin
OS=Windows_NT
PROCESSOR_IDENTIFIER=Intel64 Family 6 Model 142 Stepping 12, GenuineIntel



---------------  S Y S T E M  ---------------

OS: Windows 10.0 , 64 bit Build 22000 (10.0.22000.613)

CPU:total 4 (initial active 4) (2 cores per cpu, 2 threads per core) family 6 model 142 stepping 12, cmov, cx8, fxsr, mmx, sse, sse2, sse3, ssse3, sse4.1, sse4.2, popcnt, avx, avx2, aes, clmul, erms, 3dnowpref, lzcnt, ht, tsc, tscinvbit, bmi1, bmi2, adx

Memory: 4k page, physical 3994612k(365568k free), swap 15004660k(2793428k free)

vm_info: Java HotSpot(TM) Client VM (25.191-b12) for windows-x86 JRE (1.8.0_191-b12), built on Oct  6 2018 08:34:23 by "java_re" with MS VC++ 10.0 (VS2010)

time: Wed May 04 14:05:24 2022
elapsed time: 544 seconds (0d 0h 9m 4s)

