#
# A fatal error has been detected by the Java Runtime Environment:
#
#  EXCEPTION_STACK_OVERFLOW (0xc00000fd) at pc=0x6400b9a3, pid=13052, tid=0x00001980
#
# JRE version: Java(TM) SE Runtime Environment (8.0_191-b12) (build 1.8.0_191-b12)
# Java VM: Java HotSpot(TM) Client VM (25.191-b12 mixed mode windows-x86 )
# Problematic frame:
# C  [jSSC-2.8_x86.dll+0xb9a3]
#
# Failed to write core dump. Minidumps are not enabled by default on client versions of Windows
#
# If you would like to submit a bug report, please visit:
#   http://bugreport.java.com/bugreport/crash.jsp
# The crash happened outside the Java Virtual Machine in native code.
# See problematic frame for where to report the bug.
#

---------------  T H R E A D  ---------------

Current thread (0x28cc8800):  JavaThread "EventThread COM4" [_thread_in_native, id=6528, stack(0x28580000,0x285d0000)]

siginfo: ExceptionCode=0xc00000fd, ExceptionInformation=0x00000001 0x28580260 

Registers:
EAX=0x0001f1d0, EBX=0x00a58228, ECX=0x28580260, EDX=0x00000000
ESP=0x285cf254, EBP=0x285cf2b8, ESI=0x28cc8940, EDI=0x00a5823c
EIP=0x6400b9a3, EFLAGS=0x00010206

Top of Stack: (sp=0x285cf254)
0x285cf254:   0006d1d0 00000000 64001739 00000014
0x285cf264:   161a2dd6 00000001 00000000 00000000
0x285cf274:   00000001 0006d1c4 00000001 00000000
0x285cf284:   09024938 00000d7c 0260e6e0 00000006
0x285cf294:   00000006 248bbb50 00000006 24834268
0x285cf2a4:   00000000 285cf2d8 00000000 16de1610
0x285cf2b4:   28cc8800 285cf2e8 027a57a5 28cc8940
0x285cf2c4:   285cf2d4 00000d7c 00000000 0006d1c4 

Instructions: (pc=0x6400b9a3)
0x6400b983:   fd ff ff eb 91 90 90 90 90 90 90 90 90 51 50 3d
0x6400b993:   00 10 00 00 8d 4c 24 0c 72 15 81 e9 00 10 00 00
0x6400b9a3:   83 09 00 2d 00 10 00 00 3d 00 10 00 00 77 eb 29
0x6400b9b3:   c1 83 09 00 58 59 c3 90 90 8b 44 24 04 c7 00 ff 


Register to memory mapping:

EAX=0x0001f1d0 is an unknown value
EBX=0x00a58228 is an unknown value
ECX=0x28580260 is pointing into the stack for thread: 0x28cc8800
EDX=0x00000000 is an unknown value
ESP=0x285cf254 is pointing into the stack for thread: 0x28cc8800
EBP=0x285cf2b8 is pointing into the stack for thread: 0x28cc8800
ESI=0x28cc8940 is an unknown value
EDI=0x00a5823c is an unknown value


Stack: [0x28580000,0x285d0000],  sp=0x285cf254,  free space=316k
Native frames: (J=compiled Java code, j=interpreted, Vv=VM code, C=native code)
C  [jSSC-2.8_x86.dll+0xb9a3]
J 8631  jssc.SerialNativeInterface.readBytes(JI)[B (0 bytes) @ 0x027a57a5 [0x027a5710+0x95]
J 9705 C1 jssc.SerialPort$EventThread.run()V (84 bytes) @ 0x0262af70 [0x0262ad00+0x270]
v  ~StubRoutines::call_stub
V  [jvm.dll+0x15c315]
V  [jvm.dll+0x223ece]
V  [jvm.dll+0x15c3ae]
V  [jvm.dll+0x15c536]
V  [jvm.dll+0x15c5a7]
V  [jvm.dll+0x1002ef]
V  [jvm.dll+0x17f550]
V  [jvm.dll+0x17fdca]
V  [jvm.dll+0x1c57a6]
C  [msvcr100.dll+0x5c556]
C  [msvcr100.dll+0x5c600]
C  [KERNEL32.DLL+0x16739]
C  [ntdll.dll+0x68e7f]
C  [ntdll.dll+0x68e4d]
C  0x00000000

Java frames: (J=compiled Java code, j=interpreted, Vv=VM code)
J 8631  jssc.SerialNativeInterface.readBytes(JI)[B (0 bytes) @ 0x027a5761 [0x027a5710+0x51]
J 9705 C1 jssc.SerialPort$EventThread.run()V (84 bytes) @ 0x0262af70 [0x0262ad00+0x270]
v  ~StubRoutines::call_stub

---------------  P R O C E S S  ---------------

Java Threads: ( => current thread )
=>0x28cc8800 JavaThread "EventThread COM4" [_thread_in_native, id=6528, stack(0x28580000,0x285d0000)]
  0x28cc6c00 JavaThread "DestroyJavaVM" [_thread_blocked, id=1712, stack(0x02240000,0x02290000)]
  0x28cc9000 JavaThread "TimerQueue" daemon [_thread_blocked, id=4312, stack(0x29dc0000,0x29e10000)]
  0x27460800 JavaThread "Batik CleanerThread" daemon [_thread_blocked, id=8752, stack(0x283f0000,0x28440000)]
  0x27460c00 JavaThread "AWT-EventQueue-0" [_thread_in_Java, id=2852, stack(0x280d0000,0x28120000)]
  0x2745f400 JavaThread "AWT-Shutdown" [_thread_blocked, id=3124, stack(0x27ce0000,0x27d30000)]
  0x27410000 JavaThread "JmDNS(LAPTOP-NJMSN91G.local.).State.Timer" [_thread_blocked, id=276, stack(0x27fb0000,0x28000000)]
  0x273dc000 JavaThread "JmDNS(LAPTOP-NJMSN91G.local.).Timer" daemon [_thread_blocked, id=3144, stack(0x27c50000,0x27ca0000)]
  0x273d9400 JavaThread "SocketListener(LAPTOP-NJMSN91G.local.)" daemon [_thread_in_native, id=12568, stack(0x266f0000,0x26740000)]
  0x27232c00 JavaThread "Multihomed mDNS.Timer" daemon [_thread_blocked, id=5112, stack(0x26fa0000,0x26ff0000)]
  0x272cf000 JavaThread "cc.arduino.packages.discoverers.serial.SerialDiscovery" [_thread_blocked, id=268, stack(0x27d70000,0x27dc0000)]
  0x2626ac00 JavaThread "AWT-Windows" daemon [_thread_in_native, id=2560, stack(0x26780000,0x267d0000)]
  0x26269800 JavaThread "Java2D Disposer" daemon [_thread_blocked, id=5824, stack(0x26660000,0x266b0000)]
  0x24d97c00 JavaThread "Service Thread" daemon [_thread_blocked, id=4408, stack(0x25ef0000,0x25f40000)]
  0x24d9c800 JavaThread "C1 CompilerThread0" daemon [_thread_blocked, id=5648, stack(0x25e60000,0x25eb0000)]
  0x24d9b000 JavaThread "Attach Listener" daemon [_thread_blocked, id=1056, stack(0x25dd0000,0x25e20000)]
  0x24d98800 JavaThread "Signal Dispatcher" daemon [_thread_blocked, id=13720, stack(0x25d40000,0x25d90000)]
  0x24d7c000 JavaThread "Finalizer" daemon [_thread_blocked, id=9240, stack(0x25bb0000,0x25c00000)]
  0x24d76000 JavaThread "Reference Handler" daemon [_thread_blocked, id=10796, stack(0x25b20000,0x25b70000)]

Other Threads:
  0x023aec00 VMThread [stack: 0x24c20000,0x24c70000] [id=12084]
  0x24d93400 WatcherThread [stack: 0x25f80000,0x25fd0000] [id=5288]

VM state:not at safepoint (normal execution)

VM Mutex/Monitor currently owned by a thread: None

Heap:
 def new generation   total 103808K, used 11229K [0x04600000, 0x0b6a0000, 0x0f0a0000)
  eden space 92288K,  12% used [0x04600000, 0x050f77a0, 0x0a020000)
  from space 11520K,   0% used [0x0a020000, 0x0a020000, 0x0ab60000)
  to   space 11520K,   0% used [0x0ab60000, 0x0ab60000, 0x0b6a0000)
 tenured generation   total 230492K, used 138294K [0x0f0a0000, 0x1d1b7000, 0x24600000)
   the space 230492K,  59% used [0x0f0a0000, 0x177ad890, 0x177ada00, 0x1d1b7000)
 Metaspace       used 23018K, capacity 23621K, committed 23680K, reserved 23936K

Card table byte_map: [0x24600000,0x24710000] byte_map_base: 0x245dd000

Polling page: 0x00a20000

CodeCache: size=32768Kb used=2111Kb max_used=5358Kb free=30656Kb
 bounds [0x02540000, 0x02aa0000, 0x04540000]
 total_blobs=1288 nmethods=991 adapters=224
 compilation: enabled

Compilation events (10 events):
Event: 8939.620 Thread 0x24d9c800 11671             java.util.LinkedList::node (65 bytes)
Event: 8939.620 Thread 0x24d9c800 nmethod 11671 0x027b28c8 code [0x027b29d0, 0x027b2ab0]
Event: 8939.627 Thread 0x24d9c800 11672             java.awt.event.InputEvent::getModifiers (8 bytes)
Event: 8939.627 Thread 0x24d9c800 nmethod 11672 0x02706288 code [0x02706380, 0x02706400]
Event: 8940.203 Thread 0x24d9c800 11673             java.lang.Boolean::booleanValue (5 bytes)
Event: 8940.203 Thread 0x24d9c800 nmethod 11673 0x02606b08 code [0x02606c00, 0x02606c80]
Event: 8941.325 Thread 0x24d9c800 11674             java.awt.Component::isShowing (38 bytes)
Event: 8941.325 Thread 0x24d9c800 nmethod 11674 0x02701d08 code [0x02701e10, 0x02701efc]
Event: 8943.163 Thread 0x24d9c800 11675             sun.font.StrikeCache::doDispose (241 bytes)
Event: 8943.163 Thread 0x24d9c800 nmethod 11675 0x027add08 code [0x027ade90, 0x027ae430]

GC Heap History (10 events):
Event: 8186.920 GC heap before
{Heap before GC invocations=59 (full 5):
 def new generation   total 99392K, used 96980K [0x04600000, 0x0b1d0000, 0x0f0a0000)
  eden space 88384K, 100% used [0x04600000, 0x09c50000, 0x09c50000)
  from space 11008K,  78% used [0x0a710000, 0x0af75300, 0x0b1d0000)
  to   space 11008K,   0% used [0x09c50000, 0x09c50000, 0x0a710000)
 tenured generation   total 220728K, used 206870K [0x0f0a0000, 0x1c82e000, 0x24600000)
   the space 220728K,  93% used [0x0f0a0000, 0x1baa5af8, 0x1baa5c00, 0x1c82e000)
 Metaspace       used 23049K, capacity 23659K, committed 23680K, reserved 23936K
Event: 8186.976 GC heap after
Heap after GC invocations=60 (full 5):
 def new generation   total 99392K, used 7590K [0x04600000, 0x0b1d0000, 0x0f0a0000)
  eden space 88384K,   0% used [0x04600000, 0x04600000, 0x09c50000)
  from space 11008K,  68% used [0x09c50000, 0x0a3b9ba0, 0x0a710000)
  to   space 11008K,   0% used [0x0a710000, 0x0a710000, 0x0b1d0000)
 tenured generation   total 220728K, used 210447K [0x0f0a0000, 0x1c82e000, 0x24600000)
   the space 220728K,  95% used [0x0f0a0000, 0x1be23f20, 0x1be24000, 0x1c82e000)
 Metaspace       used 23049K, capacity 23659K, committed 23680K, reserved 23936K
}
Event: 8536.173 GC heap before
{Heap before GC invocations=60 (full 5):
 def new generation   total 99392K, used 95974K [0x04600000, 0x0b1d0000, 0x0f0a0000)
  eden space 88384K, 100% used [0x04600000, 0x09c50000, 0x09c50000)
  from space 11008K,  68% used [0x09c50000, 0x0a3b9ba0, 0x0a710000)
  to   space 11008K,   0% used [0x0a710000, 0x0a710000, 0x0b1d0000)
 tenured generation   total 220728K, used 210447K [0x0f0a0000, 0x1c82e000, 0x24600000)
   the space 220728K,  95% used [0x0f0a0000, 0x1be23f20, 0x1be24000, 0x1c82e000)
 Metaspace       used 23049K, capacity 23659K, committed 23680K, reserved 23936K
Event: 8536.289 GC heap after
Heap after GC invocations=61 (full 5):
 def new generation   total 99392K, used 3569K [0x04600000, 0x0b1d0000, 0x0f0a0000)
  eden space 88384K,   0% used [0x04600000, 0x04600000, 0x09c50000)
  from space 11008K,  32% used [0x0a710000, 0x0aa8c4c8, 0x0b1d0000)
  to   space 11008K,   0% used [0x09c50000, 0x09c50000, 0x0a710000)
 tenured generation   total 220728K, used 214707K [0x0f0a0000, 0x1c82e000, 0x24600000)
   the space 220728K,  97% used [0x0f0a0000, 0x1c24cf30, 0x1c24d000, 0x1c82e000)
 Metaspace       used 23049K, capacity 23659K, committed 23680K, reserved 23936K
}
Event: 8937.769 GC heap before
{Heap before GC invocations=61 (full 5):
 def new generation   total 99392K, used 91934K [0x04600000, 0x0b1d0000, 0x0f0a0000)
  eden space 88384K,  99% used [0x04600000, 0x09c4b3a8, 0x09c50000)
  from space 11008K,  32% used [0x0a710000, 0x0aa8c4c8, 0x0b1d0000)
  to   space 11008K,   0% used [0x09c50000, 0x09c50000, 0x0a710000)
 tenured generation   total 220728K, used 214707K [0x0f0a0000, 0x1c82e000, 0x24600000)
   the space 220728K,  97% used [0x0f0a0000, 0x1c24cf30, 0x1c24d000, 0x1c82e000)
 Metaspace       used 23051K, capacity 23661K, committed 23680K, reserved 23936K
Event: 8937.858 GC heap after
Heap after GC invocations=62 (full 5):
 def new generation   total 99392K, used 7223K [0x04600000, 0x0b1d0000, 0x0f0a0000)
  eden space 88384K,   0% used [0x04600000, 0x04600000, 0x09c50000)
  from space 11008K,  65% used [0x09c50000, 0x0a35dc50, 0x0a710000)
  to   space 11008K,   0% used [0x0a710000, 0x0a710000, 0x0b1d0000)
 tenured generation   total 220728K, used 214707K [0x0f0a0000, 0x1c82e000, 0x24600000)
   the space 220728K,  97% used [0x0f0a0000, 0x1c24cf30, 0x1c24d000, 0x1c82e000)
 Metaspace       used 23051K, capacity 23661K, committed 23680K, reserved 23936K
}
Event: 8940.036 GC heap before
{Heap before GC invocations=62 (full 5):
 def new generation   total 99392K, used 95150K [0x04600000, 0x0b1d0000, 0x0f0a0000)
  eden space 88384K,  99% used [0x04600000, 0x09bddd88, 0x09c50000)
  from space 11008K,  65% used [0x09c50000, 0x0a35dc50, 0x0a710000)
  to   space 11008K,   0% used [0x0a710000, 0x0a710000, 0x0b1d0000)
 tenured generation   total 220728K, used 214707K [0x0f0a0000, 0x1c82e000, 0x24600000)
   the space 220728K,  97% used [0x0f0a0000, 0x1c24cf30, 0x1c24d000, 0x1c82e000)
 Metaspace       used 23051K, capacity 23661K, committed 23680K, reserved 23936K
Event: 8940.058 GC heap after
Heap after GC invocations=63 (full 5):
 def new generation   total 99392K, used 10922K [0x04600000, 0x0b1d0000, 0x0f0a0000)
  eden space 88384K,   0% used [0x04600000, 0x04600000, 0x09c50000)
  from space 11008K,  99% used [0x0a710000, 0x0b1bab38, 0x0b1d0000)
  to   space 11008K,   0% used [0x09c50000, 0x09c50000, 0x0a710000)
 tenured generation   total 220728K, used 220156K [0x0f0a0000, 0x1c82e000, 0x24600000)
   the space 220728K,  99% used [0x0f0a0000, 0x1c79f108, 0x1c79f200, 0x1c82e000)
 Metaspace       used 23051K, capacity 23661K, committed 23680K, reserved 23936K
}
Event: 8942.013 GC heap before
{Heap before GC invocations=63 (full 5):
 def new generation   total 99392K, used 98226K [0x04600000, 0x0b1d0000, 0x0f0a0000)
  eden space 88384K,  98% used [0x04600000, 0x09b41f70, 0x09c50000)
  from space 11008K,  99% used [0x0a710000, 0x0b1bab38, 0x0b1d0000)
  to   space 11008K,   0% used [0x09c50000, 0x09c50000, 0x0a710000)
 tenured generation   total 220728K, used 220156K [0x0f0a0000, 0x1c82e000, 0x24600000)
   the space 220728K,  99% used [0x0f0a0000, 0x1c79f108, 0x1c79f200, 0x1c82e000)
 Metaspace       used 23051K, capacity 23661K, committed 23680K, reserved 23936K
Event: 8943.158 GC heap after
Heap after GC invocations=64 (full 6):
 def new generation   total 103808K, used 0K [0x04600000, 0x0b6a0000, 0x0f0a0000)
  eden space 92288K,   0% used [0x04600000, 0x04600000, 0x0a020000)
  from space 11520K,   0% used [0x0a020000, 0x0a020000, 0x0ab60000)
  to   space 11520K,   0% used [0x0ab60000, 0x0ab60000, 0x0b6a0000)
 tenured generation   total 230492K, used 138294K [0x0f0a0000, 0x1d1b7000, 0x24600000)
   the space 230492K,  59% used [0x0f0a0000, 0x177ad890, 0x177ada00, 0x1d1b7000)
 Metaspace       used 23018K, capacity 23621K, committed 23680K, reserved 23936K
}

Deoptimization events (0 events):
No events

Classes redefined (0 events):
No events

Internal exceptions (10 events):
Event: 8097.860 Thread 0x28cc2400 Exception <a 'sun/nio/fs/WindowsException'> (0x07b19690) thrown at [C:\workspace\8-2-build-windows-i586-cygwin\jdk8u191\11896\hotspot\src\share\vm\prims\jni.cpp, line 709]
Event: 8097.860 Thread 0x28cc2400 Exception <a 'sun/nio/fs/WindowsException'> (0x07b19d28) thrown at [C:\workspace\8-2-build-windows-i586-cygwin\jdk8u191\11896\hotspot\src\share\vm\prims\jni.cpp, line 709]
Event: 8097.864 Thread 0x28cc2400 Exception <a 'sun/nio/fs/WindowsException'> (0x07b24640) thrown at [C:\workspace\8-2-build-windows-i586-cygwin\jdk8u191\11896\hotspot\src\share\vm\prims\jni.cpp, line 709]
Event: 8097.864 Thread 0x28cc2400 Exception <a 'sun/nio/fs/WindowsException'> (0x07b24ba8) thrown at [C:\workspace\8-2-build-windows-i586-cygwin\jdk8u191\11896\hotspot\src\share\vm\prims\jni.cpp, line 709]
Event: 8097.867 Thread 0x28cc2400 Exception <a 'sun/nio/fs/WindowsException'> (0x07b348d8) thrown at [C:\workspace\8-2-build-windows-i586-cygwin\jdk8u191\11896\hotspot\src\share\vm\prims\jni.cpp, line 709]
Event: 8097.867 Thread 0x28cc2400 Exception <a 'sun/nio/fs/WindowsException'> (0x07b34e90) thrown at [C:\workspace\8-2-build-windows-i586-cygwin\jdk8u191\11896\hotspot\src\share\vm\prims\jni.cpp, line 709]
Event: 8097.869 Thread 0x28cc2400 Exception <a 'sun/nio/fs/WindowsException'> (0x07b40950) thrown at [C:\workspace\8-2-build-windows-i586-cygwin\jdk8u191\11896\hotspot\src\share\vm\prims\jni.cpp, line 709]
Event: 8097.869 Thread 0x28cc2400 Exception <a 'sun/nio/fs/WindowsException'> (0x07b40f20) thrown at [C:\workspace\8-2-build-windows-i586-cygwin\jdk8u191\11896\hotspot\src\share\vm\prims\jni.cpp, line 709]
Event: 8097.872 Thread 0x28cc2400 Exception <a 'sun/nio/fs/WindowsException'> (0x07b4b8e8) thrown at [C:\workspace\8-2-build-windows-i586-cygwin\jdk8u191\11896\hotspot\src\share\vm\prims\jni.cpp, line 709]
Event: 8097.872 Thread 0x28cc2400 Exception <a 'sun/nio/fs/WindowsException'> (0x07b4beb8) thrown at [C:\workspace\8-2-build-windows-i586-cygwin\jdk8u191\11896\hotspot\src\share\vm\prims\jni.cpp, line 709]

Events (10 events):
Event: 8940.034 Executing VM operation: GenCollectForAllocation
Event: 8940.058 Executing VM operation: GenCollectForAllocation done
Event: 8940.203 Thread 0x24d9c800 flushing nmethod 0x02904788
Event: 8940.203 Thread 0x24d9c800 flushing nmethod 0x02904b48
Event: 8942.010 Executing VM operation: GenCollectForAllocation
Event: 8943.159 Executing VM operation: GenCollectForAllocation done
Event: 8943.159 Thread 0x28cc4000 Thread exited: 0x28cc4000
Event: 8943.164 Thread 0x24d9c800 flushing nmethod 0x0265f348
Event: 8943.164 Thread 0x24d9c800 flushing nmethod 0x02660448
Event: 8943.165 Thread 0x28cc1800 Thread exited: 0x28cc1800


Dynamic libraries:
0x00420000 - 0x00453000 	C:\Program Files (x86)\Arduino\java\bin\javaw.exe
0x778d0000 - 0x77a79000 	C:\WINDOWS\SYSTEM32\ntdll.dll
0x76420000 - 0x76510000 	C:\WINDOWS\System32\KERNEL32.DLL
0x76f10000 - 0x77162000 	C:\WINDOWS\System32\KERNELBASE.dll
0x75660000 - 0x756dc000 	C:\WINDOWS\System32\ADVAPI32.dll
0x76c50000 - 0x76d12000 	C:\WINDOWS\System32\msvcrt.dll
0x76110000 - 0x7618a000 	C:\WINDOWS\System32\sechost.dll
0x76050000 - 0x7610b000 	C:\WINDOWS\System32\RPCRT4.dll
0x77220000 - 0x773cc000 	C:\WINDOWS\System32\USER32.dll
0x77190000 - 0x771aa000 	C:\WINDOWS\System32\win32u.dll
0x76aa0000 - 0x76ac2000 	C:\WINDOWS\System32\GDI32.dll
0x76ad0000 - 0x76baf000 	C:\WINDOWS\System32\gdi32full.dll
0x773d0000 - 0x7744b000 	C:\WINDOWS\System32\msvcp_win.dll
0x756e0000 - 0x757f2000 	C:\WINDOWS\System32\ucrtbase.dll
0x74440000 - 0x74663000 	C:\WINDOWS\WinSxS\x86_microsoft.windows.common-controls_6595b64144ccf1df_6.0.22000.120_none_e541a94fcce8ed6d\COMCTL32.dll
0x77890000 - 0x778b5000 	C:\WINDOWS\System32\IMM32.DLL
0x71030000 - 0x710ef000 	C:\Program Files (x86)\Arduino\java\bin\msvcr100.dll
0x70110000 - 0x704e3000 	C:\Program Files (x86)\Arduino\java\bin\client\jvm.dll
0x77170000 - 0x77176000 	C:\WINDOWS\System32\PSAPI.DLL
0x75650000 - 0x75658000 	C:\WINDOWS\SYSTEM32\WSOCK32.dll
0x771b0000 - 0x77214000 	C:\WINDOWS\System32\WS2_32.dll
0x75080000 - 0x750b1000 	C:\WINDOWS\SYSTEM32\WINMM.dll
0x742b0000 - 0x742b8000 	C:\WINDOWS\SYSTEM32\VERSION.dll
0x71000000 - 0x71030000 	C:\Program Files (x86)\Arduino\java\bin\splashscreen.dll
0x70ff0000 - 0x70ffc000 	C:\Program Files (x86)\Arduino\java\bin\verify.dll
0x752c0000 - 0x75342000 	C:\WINDOWS\system32\uxtheme.dll
0x77450000 - 0x776db000 	C:\WINDOWS\System32\combase.dll
0x70fc0000 - 0x70fe2000 	C:\Program Files (x86)\Arduino\java\bin\java.dll
0x70fa0000 - 0x70fb4000 	C:\Program Files (x86)\Arduino\java\bin\zip.dll
0x75f00000 - 0x75fda000 	C:\WINDOWS\System32\MSCTF.dll
0x743c0000 - 0x743d2000 	C:\WINDOWS\SYSTEM32\kernel.appcore.dll
0x75fe0000 - 0x76044000 	C:\WINDOWS\System32\bcryptPrimitives.dll
0x6c150000 - 0x6c231000 	C:\WINDOWS\SYSTEM32\textinputframework.dll
0x76bb0000 - 0x76c4c000 	C:\WINDOWS\System32\OLEAUT32.dll
0x70c20000 - 0x70ceb000 	C:\WINDOWS\SYSTEM32\CoreMessaging.dll
0x704f0000 - 0x70783000 	C:\WINDOWS\SYSTEM32\CoreUIComponents.dll
0x748e0000 - 0x749ca000 	C:\WINDOWS\SYSTEM32\wintypes.dll
0x74100000 - 0x7410b000 	C:\WINDOWS\SYSTEM32\CRYPTBASE.DLL
0x75860000 - 0x75e62000 	C:\WINDOWS\System32\SHELL32.dll
0x749d0000 - 0x75072000 	C:\WINDOWS\SYSTEM32\windows.storage.dll
0x76350000 - 0x76411000 	C:\WINDOWS\System32\SHCORE.dll
0x761f0000 - 0x7623a000 	C:\WINDOWS\System32\shlwapi.dll
0x748c0000 - 0x748d8000 	C:\WINDOWS\SYSTEM32\profapi.dll
0x61940000 - 0x619b3000 	C:\Program Files (x86)\Arduino\lib\listSerialsj.dll
0x76510000 - 0x7694b000 	C:\WINDOWS\System32\SETUPAPI.dll
0x747f0000 - 0x7482b000 	C:\WINDOWS\SYSTEM32\cfgmgr32.DLL
0x70f80000 - 0x70f9d000 	C:\Program Files (x86)\Arduino\lib\jnidispatch-4.2.2-win32-x86.dll
0x76950000 - 0x76a9d000 	C:\WINDOWS\System32\Ole32.dll
0x70f60000 - 0x70f75000 	C:\Program Files (x86)\Arduino\java\bin\net.dll
0x75510000 - 0x75560000 	C:\WINDOWS\system32\mswsock.dll
0x70f50000 - 0x70f5f000 	C:\Program Files (x86)\Arduino\java\bin\nio.dll
0x708c0000 - 0x70a07000 	C:\Program Files (x86)\Arduino\java\bin\awt.dll
0x70d80000 - 0x70e20000 	C:\WINDOWS\SYSTEM32\apphelp.dll
0x74410000 - 0x74437000 	C:\WINDOWS\system32\DWMAPI.DLL
0x70f10000 - 0x70f49000 	C:\Program Files (x86)\Arduino\java\bin\fontmanager.dll
0x72790000 - 0x72870000 	C:\WINDOWS\system32\opengl32.dll
0x72740000 - 0x72781000 	C:\WINDOWS\SYSTEM32\GLU32.dll
0x73ca0000 - 0x73cce000 	C:\WINDOWS\SYSTEM32\dxcore.dll
0x70be0000 - 0x70c12000 	C:\Program Files (x86)\Arduino\java\bin\t2k.dll
0x75430000 - 0x75454000 	C:\WINDOWS\SYSTEM32\IPHLPAPI.DLL
0x77180000 - 0x77187000 	C:\WINDOWS\System32\NSI.dll
0x74260000 - 0x74275000 	C:\WINDOWS\SYSTEM32\dhcpcsvc6.DLL
0x74220000 - 0x74237000 	C:\WINDOWS\SYSTEM32\dhcpcsvc.DLL
0x75460000 - 0x7550f000 	C:\WINDOWS\SYSTEM32\DNSAPI.dll
0x75580000 - 0x75592000 	C:\WINDOWS\system32\napinsp.dll
0x75560000 - 0x75576000 	C:\WINDOWS\system32\pnrpnsp.dll
0x75420000 - 0x7542e000 	C:\WINDOWS\System32\winrnr.dll
0x75400000 - 0x75411000 	C:\WINDOWS\system32\wshbth.dll
0x753e0000 - 0x753f9000 	C:\WINDOWS\system32\nlansp_c.dll
0x63560000 - 0x63568000 	C:\Program Files (x86)\National Instruments\Shared\mDNS Responder\nimdnsNSP.dll
0x63550000 - 0x6355b000 	C:\WINDOWS\SYSTEM32\nimdnsResponder.dll
0x755a0000 - 0x75643000 	C:\WINDOWS\WinSxS\x86_microsoft.vc90.crt_1fc8b3b9a1e18e3b_9.0.30729.9635_none_508ff82ebcbafee0\MSVCR90.dll
0x74360000 - 0x743bb000 	C:\WINDOWS\System32\fwpuclnt.dll
0x743e0000 - 0x743e8000 	C:\Windows\System32\rasadhlp.dll
0x70ab0000 - 0x70b19000 	C:\Program Files (x86)\Arduino\msvcp100.dll
0x70800000 - 0x708be000 	C:\Program Files (x86)\Arduino\msvcr100.dll
0x28270000 - 0x282a2000 	C:\Program Files (x86)\Arduino\lib\AStylej.dll
0x70ee0000 - 0x70f04000 	C:\Program Files (x86)\Arduino\java\bin\dcpr.dll
0x75e70000 - 0x75ef2000 	C:\WINDOWS\System32\clbcatq.dll
0x6afe0000 - 0x6b140000 	C:\WINDOWS\SYSTEM32\WindowsCodecs.dll
0x6be10000 - 0x6be5e000 	C:\WINDOWS\system32\dataexchange.dll
0x6c2e0000 - 0x6c4d7000 	C:\WINDOWS\system32\twinapi.appcore.dll
0x70a90000 - 0x70ab0000 	C:\Program Files (x86)\Arduino\java\bin\sunec.dll
0x740d0000 - 0x740e3000 	C:\WINDOWS\SYSTEM32\CRYPTSP.dll
0x740a0000 - 0x740cf000 	C:\WINDOWS\system32\rsaenh.dll
0x75290000 - 0x752af000 	C:\WINDOWS\SYSTEM32\USERENV.dll
0x6f1e0000 - 0x6f1f9000 	C:\WINDOWS\SYSTEM32\bcrypt.dll
0x70bd0000 - 0x70bd9000 	C:\Program Files (x86)\Arduino\java\bin\sunmscapi.dll
0x76250000 - 0x7634e000 	C:\WINDOWS\System32\CRYPT32.dll
0x73df0000 - 0x73e14000 	C:\WINDOWS\SYSTEM32\DEVOBJ.dll
0x76190000 - 0x761e1000 	C:\WINDOWS\System32\WINTRUST.dll
0x74680000 - 0x7468e000 	C:\WINDOWS\SYSTEM32\MSASN1.dll
0x64000000 - 0x6401b000 	C:\Program Files (x86)\Arduino\lib\jSSC-2.8_x86.dll
0x70080000 - 0x70110000 	C:\WINDOWS\WinSxS\x86_microsoft.windows.common-controls_6595b64144ccf1df_5.82.22000.1_none_6ec7c6847ea94424\comctl32.dll
0x776e0000 - 0x777a0000 	C:\WINDOWS\System32\COMDLG32.dll
0x73d10000 - 0x73de1000 	C:\WINDOWS\system32\propsys.dll
0x6fff0000 - 0x70072000 	C:\Program Files (x86)\Common Files\microsoft shared\ink\tiptsf.dll
0x729c0000 - 0x72a56000 	C:\WINDOWS\SYSTEM32\TextShaping.dll
0x70a60000 - 0x70a7d000 	C:\WINDOWS\SYSTEM32\edputil.dll
0x70a10000 - 0x70a52000 	C:\WINDOWS\SYSTEM32\VAULTCLI.dll
0x707e0000 - 0x707f4000 	C:\WINDOWS\system32\NetworkExplorer.dll
0x6ff90000 - 0x6ffee000 	C:\WINDOWS\SYSTEM32\ntshrui.dll
0x74020000 - 0x74045000 	C:\WINDOWS\SYSTEM32\SspiCli.dll
0x74240000 - 0x7425d000 	C:\WINDOWS\SYSTEM32\srvcli.dll
0x70e20000 - 0x70e2e000 	C:\WINDOWS\SYSTEM32\cscapi.dll
0x6fef0000 - 0x6ff82000 	C:\WINDOWS\System32\StructuredQuery.dll
0x70790000 - 0x707dd000 	C:\Windows\System32\thumbcache.dll
0x6fe60000 - 0x6fee8000 	C:\WINDOWS\SYSTEM32\policymanager.dll
0x6fdf0000 - 0x6fe58000 	C:\WINDOWS\SYSTEM32\msvcp110_win.dll
0x70b20000 - 0x70bc3000 	C:\WINDOWS\system32\Windows.Storage.Search.dll
0x6fd00000 - 0x6fde2000 	C:\Windows\System32\Windows.System.Launcher.dll
0x6fce0000 - 0x6fcf4000 	C:\WINDOWS\SYSTEM32\windows.staterepositorycore.dll
0x6fc80000 - 0x6fcdb000 	C:\Windows\System32\Windows.FileExplorer.Common.dll
0x72eb0000 - 0x730e0000 	C:\Windows\System32\iertutil.dll
0x730e0000 - 0x73283000 	C:\WINDOWS\SYSTEM32\urlmon.dll
0x742a0000 - 0x742ab000 	C:\WINDOWS\SYSTEM32\netutils.dll
0x6fbf0000 - 0x6fc7c000 	C:\Windows\System32\Windows.StateRepositoryPS.dll
0x73e50000 - 0x74017000 	C:\WINDOWS\SYSTEM32\dbghelp.dll

VM Arguments:
jvm_args: -Dsun.java2d.d3d=false -Djna.nosys=true -Djna.nounpack=true -Djna.boot.library.name=jnidispatch-4.2.2-win32-x86 -Djna.boot.library.path=C:\Program Files (x86)\Arduino/lib -Djssc.library.path=C:\Program Files (x86)\Arduino/lib -DAPP_DIR=C:\Program Files (x86)\Arduino -Xms128M -Xmx512M -Dfile.encoding=UTF8 -Djava.net.preferIPv4Stack=true 
java_command: processing.app.Base C:\Users\admin\Desktop\Small USV\gps_parsing\gps_parsing.ino
java_class_path (initial): C:\Program Files (x86)\Arduino\lib\apple.jar;C:\Program Files (x86)\Arduino\lib\arduino-core.jar;C:\Program Files (x86)\Arduino\lib\batik-1.8.jar;C:\Program Files (x86)\Arduino\lib\batik-anim-1.8.jar;C:\Program Files (x86)\Arduino\lib\batik-awt-util-1.8.jar;C:\Program Files (x86)\Arduino\lib\batik-bridge-1.8.jar;C:\Program Files (x86)\Arduino\lib\batik-codec-1.8.jar;C:\Program Files (x86)\Arduino\lib\batik-css-1.8.jar;C:\Program Files (x86)\Arduino\lib\batik-dom-1.8.jar;C:\Program Files (x86)\Arduino\lib\batik-ext-1.8.jar;C:\Program Files (x86)\Arduino\lib\batik-gvt-1.8.jar;C:\Program Files (x86)\Arduino\lib\batik-parser-1.8.jar;C:\Program Files (x86)\Arduino\lib\batik-rasterizer-1.8.jar;C:\Program Files (x86)\Arduino\lib\batik-script-1.8.jar;C:\Program Files (x86)\Arduino\lib\batik-squiggle-1.8.jar;C:\Program Files (x86)\Arduino\lib\batik-svg-dom-1.8.jar;C:\Program Files (x86)\Arduino\lib\batik-svgpp-1.8.jar;C:\Program Files (x86)\Arduino\lib\batik-transcoder-1.8.jar;C:\Program Files (x86)\Arduino\lib\batik-util-1.8.jar;C:\Program Files (x86)\Arduino\lib\batik-xml-1.8.jar;C:\Program Files (x86)\Arduino\lib\bcpg-jdk15on-152.jar;C:\Program Files (x86)\Arduino\lib\bcprov-jdk15on-152.jar;C:\Program Files (x86)\Arduino\lib\commons-codec-1.7.jar;C:\Program Files (x86)\Arduino\lib\commons-compress-1.8.jar;C:\Program Files (x86)\Arduino\lib\commons-exec-1.1.jar;C:\Program Files (x86)\Arduino\lib\commons-httpclient-3.1.jar;C:\Program Files (x86)\Arduino\lib\commons-lang3-3.8.1.jar;C:\Program Files (x86)\Arduino\lib\commons-logging-1.0.4.jar;C:\Program Files (x86)\Arduino\lib\commons-net-3.3.jar;C:\Program Files (x86)\Arduino\lib\commons-io-2.6.jar;C:\Program Files (x86)\Arduino\lib\jackson-annotations-2.9.5.jar;C:\Program Files (x86)\Arduino\lib\jackson-core-2.9.5.jar;C:\Program Files (x86)\Arduino\lib\jackson-databind-2.9.5.jar;C:\Program Files (x86)\Arduino\lib\java-semver-0.8.0.jar;C:\Program Files (x86)\Arduino\lib\jmdns-3.5.5.jar;C:\Program
Launcher Type: SUN_STANDARD

Environment Variables:
PATH=C:\SIMULIA\Commands;C:\windows\system32;C:\windows;C:\windows\System32\Wbem;C:\windows\System32\WindowsPowerShell\v1.0\;C:\windows\System32\OpenSSH\;C:\Program Files\dotnet\;%SystemRoot%\system32;%SystemRoot%;%SystemRoot%\System32\Wbem;%SYSTEMROOT%\System32\WindowsPowerShell\v1.0\;%SYSTEMROOT%\System32\OpenSSH\;C:\Users\admin\AppData\Local\Microsoft\WindowsApps;;C:\Program Files (x86)\Arduino\java\bin
USERNAME=admin
OS=Windows_NT
PROCESSOR_IDENTIFIER=Intel64 Family 6 Model 142 Stepping 12, GenuineIntel



---------------  S Y S T E M  ---------------

OS: Windows 10.0 , 64 bit Build 22000 (10.0.22000.613)

CPU:total 4 (initial active 4) (2 cores per cpu, 2 threads per core) family 6 model 142 stepping 12, cmov, cx8, fxsr, mmx, sse, sse2, sse3, ssse3, sse4.1, sse4.2, popcnt, avx, avx2, aes, clmul, erms, 3dnowpref, lzcnt, ht, tsc, tscinvbit, bmi1, bmi2, adx

Memory: 4k page, physical 3994612k(331760k free), swap 15004660k(3975860k free)

vm_info: Java HotSpot(TM) Client VM (25.191-b12) for windows-x86 JRE (1.8.0_191-b12), built on Oct  6 2018 08:34:23 by "java_re" with MS VC++ 10.0 (VS2010)

time: Wed May 04 14:06:12 2022
elapsed time: 8943 seconds (0d 2h 29m 3s)

